"GN_APK_RESOLUTION" not a java featureoption
"GN_APK_PLATFORM_VENDOR" not a java featureoption
"GN_APK_VERSION" not a java featureoption
"GN_APK_MTK_PLATFORM" not a java featureoption
public static final boolean GN_APP_THEME_SUPPORT = true
"GN_APK_PLATFORM_VERSION" not a java featureoption
[32mTarget[0m *******build_local_static_jar*******
[32mTarget[0m *************build apk**************
[32mTarget[0m R.java and Manifest.java
./tools/aapt package --auto-add-overlay --extra-packages com.android.ex.chips -z -m -J ./out/pkg/src -M ../Aurora_Weather/code/AndroidManifest.xml -P ./out/pkg/public_resources.xml -S ../Aurora_Weather/code/res -A ../Aurora_Weather/code/assets -I ./jars/google/4.4/framework_res.apk -I ./jars/google/4.4/aurora-framework_res.apk -G ./out/pkg/proguard_options --min-sdk-version 15 --target-sdk-version 15 --version-code 15
Warning: AndroidManifest.xml already defines versionCode (in http://schemas.android.com/apk/res/android); using existing value in manifest.
[32mTarget[0m transform_aidl_to_java
[32mTarget[0m transform_logtags_to_java
[32mTarget[0m transform_java_to_classes_jar
[31mWarning:Missing[0m local jar: libs/jackson-all-1.8.10.jar not exist!
[31mWarning:Missing[0m local jar: libs/locSDK_4.2.jar not exist!
/usr/local/java/jdk1.6.0_45/bin/javac -J-Xmx512M -target 1.5 -Xmaxerrs 9999999 -encoding UTF-8 -g -bootclasspath ./jars/google/4.4/core/classes.jar -classpath ./jars/google/4.4//aurora-framework/classes.jar:./jars/google/4.4/javax.obex/classes.jar:./jars/google/4.4/mms-common/classes.jar:./jars/google/4.4/core-junit/classes.jar:./jars/google/4.4/android.policy/classes.jar:./jars/google/4.4/apache-xml/classes.jar:./jars/google/4.4/aurora-framework/classes.jar:./jars/google/4.4/xposed/classes.jar:./jars/google/4.4/framework2/classes.jar:./jars/google/4.4/ext/classes.jar:./jars/google/4.4/conscrypt/classes.jar:./jars/google/4.4/framework-base/classes.jar:./jars/google/4.4/telephony-msim/classes.jar:./jars/google/4.4/qcnvitems/classes.jar:./jars/google/4.4/services-ext/classes.jar:./jars/google/4.4/framework/classes.jar:./jars/google/4.4/gnframework/classes.jar:./jars/google/4.4/services/classes.jar:./jars/google/4.4/qcrilhook/classes.jar:./jars/google/4.4/core/classes.jar:./jars/google/4.4/voip-common/classes.jar:./jars/google/4.4/core-libart/classes.jar:./jars/google/4.4/telephony-common/classes.jar:./jars/google/4.4/bouncycastle/classes.jar:./static_jars/google/4.4/android-common/javalib.jar:./static_jars/google/4.4/android-common-chips/javalib.jar:./static_jars/google/4.4/android-support-v13/javalib.jar:./static_jars/google/4.4/android-support-v4/javalib.jar -d ./out/pkg/classes @./out/pkg/java-source-list-uniq
[32mTarget[0m transform_jar_to_proguard
[32mTarget[0m add assets to package
./tools/aapt package --auto-add-overlay --extra-packages com.android.ex.chips -u -z -c zh_CN,ru_RU,en_US,ldpi,hdpi,mdpi,nodpi,xhdpi,xxhdpi,xxxhdpi -M ../Aurora_Weather/code/AndroidManifest.xml -S ../Aurora_Weather/code/res -A ../Aurora_Weather/code/assets -I ./jars/google/4.4/framework_res.apk -I ./jars/google/4.4/aurora-framework_res.apk --min-sdk-version 15 --target-sdk-version 15 --product default --version-code 15 -F ./out/pkg/package.apk
Warning: AndroidManifest.xml already defines versionCode (in http://schemas.android.com/apk/res/android); using existing value in manifest.
 './out/pkg/classes.dex' as 'classes.dex'...
[32mTarget[0m signatured apk
[32mTarget[0m copy apk target
`./out/pkg/package.apk' -> `./out/Aurora_Weather/Aurora_Weather.apk'
